0 info it worked if it ends with ok
1 verbose cli [ '/usr/local/bin/node',
1 verbose cli   '/usr/local/bin/npm',
1 verbose cli   'install',
1 verbose cli   'jitsu',
1 verbose cli   '-g' ]
2 info using npm@1.4.28
3 info using node@v0.10.33
4 verbose cache add [ 'jitsu', null ]
5 verbose cache add name=undefined spec="jitsu" args=["jitsu",null]
6 verbose parsed url { protocol: null,
6 verbose parsed url   slashes: null,
6 verbose parsed url   auth: null,
6 verbose parsed url   host: null,
6 verbose parsed url   port: null,
6 verbose parsed url   hostname: null,
6 verbose parsed url   hash: null,
6 verbose parsed url   search: null,
6 verbose parsed url   query: null,
6 verbose parsed url   pathname: 'jitsu',
6 verbose parsed url   path: 'jitsu',
6 verbose parsed url   href: 'jitsu' }
7 silly lockFile 9d81e68b-jitsu jitsu
8 verbose lock jitsu /home/samuel/.npm/9d81e68b-jitsu.lock
9 silly lockFile 9d81e68b-jitsu jitsu
10 silly lockFile 9d81e68b-jitsu jitsu
11 verbose addNamed [ 'jitsu', '' ]
12 verbose addNamed [ null, '*' ]
13 silly lockFile e680b62f-jitsu jitsu@
14 verbose lock jitsu@ /home/samuel/.npm/e680b62f-jitsu.lock
15 silly addNameRange { name: 'jitsu', range: '*', hasData: false }
16 verbose request where is /jitsu
17 verbose request registry https://registry.npmjs.org/
18 verbose request id c74e2d8c0f775684
19 verbose url raw /jitsu
20 verbose url resolving [ 'https://registry.npmjs.org/', './jitsu' ]
21 verbose url resolved https://registry.npmjs.org/jitsu
22 verbose request where is https://registry.npmjs.org/jitsu
23 info trying registry request attempt 1 at 21:22:10
24 verbose etag "BKC3J6VYSN61CDUG37UWHPPN6"
25 http GET https://registry.npmjs.org/jitsu
26 http 304 https://registry.npmjs.org/jitsu
27 silly registry.get cb [ 304,
27 silly registry.get   { date: 'Tue, 11 Nov 2014 20:22:10 GMT',
27 silly registry.get     server: 'Apache',
27 silly registry.get     via: '1.1 varnish',
27 silly registry.get     'last-modified': 'Tue, 11 Nov 2014 20:22:11 GMT',
27 silly registry.get     'cache-control': 'max-age=60',
27 silly registry.get     etag: '"BKC3J6VYSN61CDUG37UWHPPN6"',
27 silly registry.get     age: '0',
27 silly registry.get     'x-served-by': 'cache-ams4148-AMS',
27 silly registry.get     'x-cache': 'HIT',
27 silly registry.get     'x-cache-hits': '1',
27 silly registry.get     'x-timer': 'S1415737330.762153,VS0,VE372',
27 silly registry.get     vary: 'Accept',
27 silly registry.get     'content-length': '0',
27 silly registry.get     'keep-alive': 'timeout=10, max=50',
27 silly registry.get     connection: 'Keep-Alive' } ]
28 verbose etag https://registry.npmjs.org/jitsu from cache
29 silly addNameRange number 2 { name: 'jitsu', range: '*', hasData: true }
30 silly addNameRange versions [ 'jitsu',
30 silly addNameRange   [ '0.4.14',
30 silly addNameRange     '0.4.15',
30 silly addNameRange     '0.4.16',
30 silly addNameRange     '0.5.0',
30 silly addNameRange     '0.5.0-1',
30 silly addNameRange     '0.6.0',
30 silly addNameRange     '0.6.1',
30 silly addNameRange     '0.6.1-1',
30 silly addNameRange     '0.6.2',
30 silly addNameRange     '0.6.3',
30 silly addNameRange     '0.7.0',
30 silly addNameRange     '0.7.0-1',
30 silly addNameRange     '0.7.0-2',
30 silly addNameRange     '0.7.1',
30 silly addNameRange     '0.7.2',
30 silly addNameRange     '0.7.2-1',
30 silly addNameRange     '0.7.3',
30 silly addNameRange     '0.7.4',
30 silly addNameRange     '0.7.4-1',
30 silly addNameRange     '0.7.5',
30 silly addNameRange     '0.7.6',
30 silly addNameRange     '0.7.6-1',
30 silly addNameRange     '0.7.7',
30 silly addNameRange     '0.7.7-1',
30 silly addNameRange     '0.7.7-2',
30 silly addNameRange     '0.7.100',
30 silly addNameRange     '0.8.0',
30 silly addNameRange     '0.8.1',
30 silly addNameRange     '0.8.2',
30 silly addNameRange     '0.8.2-1',
30 silly addNameRange     '0.8.3',
30 silly addNameRange     '0.8.4',
30 silly addNameRange     '0.8.4-1',
30 silly addNameRange     '0.8.5',
30 silly addNameRange     '0.8.5-1',
30 silly addNameRange     '0.8.6',
30 silly addNameRange     '0.8.7',
30 silly addNameRange     '0.8.8',
30 silly addNameRange     '0.8.9',
30 silly addNameRange     '0.9.0',
30 silly addNameRange     '0.9.1',
30 silly addNameRange     '0.9.2',
30 silly addNameRange     '0.9.3',
30 silly addNameRange     '0.9.4',
30 silly addNameRange     '0.9.5',
30 silly addNameRange     '0.9.6',
30 silly addNameRange     '0.9.7',
30 silly addNameRange     '0.9.8',
30 silly addNameRange     '0.10.0',
30 silly addNameRange     '0.10.1',
30 silly addNameRange     '0.10.2',
30 silly addNameRange     '0.10.3',
30 silly addNameRange     '0.10.3-1',
30 silly addNameRange     '0.10.3-2',
30 silly addNameRange     '0.10.4',
30 silly addNameRange     '0.10.5',
30 silly addNameRange     '0.11.0',
30 silly addNameRange     '0.11.1',
30 silly addNameRange     '0.11.2',
30 silly addNameRange     '0.11.3',
30 silly addNameRange     '0.11.4',
30 silly addNameRange     '0.11.5',
30 silly addNameRange     '0.11.6',
30 silly addNameRange     '0.11.7',
30 silly addNameRange     '0.12.0',
30 silly addNameRange     '0.12.1',
30 silly addNameRange     '0.12.2',
30 silly addNameRange     '0.12.3',
30 silly addNameRange     '0.12.4',
30 silly addNameRange     '0.12.5',
30 silly addNameRange     '0.12.6',
30 silly addNameRange     '0.12.6-1',
30 silly addNameRange     '0.12.7',
30 silly addNameRange     '0.12.8',
30 silly addNameRange     '0.12.9',
30 silly addNameRange     '0.12.10',
30 silly addNameRange     '0.12.10-1',
30 silly addNameRange     '0.12.10-2',
30 silly addNameRange     '0.12.11',
30 silly addNameRange     '0.12.12',
30 silly addNameRange     '0.12.13',
30 silly addNameRange     '0.12.14',
30 silly addNameRange     '0.12.15',
30 silly addNameRange     '0.13.0',
30 silly addNameRange     '0.13.1',
30 silly addNameRange     '0.13.2',
30 silly addNameRange     '0.13.3',
30 silly addNameRange     '0.13.4',
30 silly addNameRange     '0.13.5',
30 silly addNameRange     '0.13.6',
30 silly addNameRange     '0.13.7',
30 silly addNameRange     '0.13.8',
30 silly addNameRange     '0.13.9',
30 silly addNameRange     '0.13.10',
30 silly addNameRange     '0.13.11',
30 silly addNameRange     '0.13.12',
30 silly addNameRange     '0.13.13',
30 silly addNameRange     '0.13.14',
30 silly addNameRange     '0.13.15',
30 silly addNameRange     '0.13.16',
30 silly addNameRange     '0.13.17',
30 silly addNameRange     '0.13.18',
30 silly addNameRange     '0.14.0' ] ]
31 verbose addNamed [ 'jitsu', '0.14.0' ]
32 verbose addNamed [ '0.14.0', '0.14.0' ]
33 silly lockFile 0b9b3fad-jitsu-0-14-0 jitsu@0.14.0
34 verbose lock jitsu@0.14.0 /home/samuel/.npm/0b9b3fad-jitsu-0-14-0.lock
35 silly lockFile 0b9b3fad-jitsu-0-14-0 jitsu@0.14.0
36 silly lockFile 0b9b3fad-jitsu-0-14-0 jitsu@0.14.0
37 silly lockFile e680b62f-jitsu jitsu@
38 silly lockFile e680b62f-jitsu jitsu@
39 silly resolved [ { name: 'jitsu',
39 silly resolved     description: 'Flawless command line deployment of Node.js apps to the cloud',
39 silly resolved     keywords:
39 silly resolved      [ 'cli',
39 silly resolved        'nodejitsu',
39 silly resolved        'cloud hosting',
39 silly resolved        'platform-as-a-service',
39 silly resolved        'deployment' ],
39 silly resolved     version: '0.14.0',
39 silly resolved     author: { name: 'Nodejitsu Inc.', email: 'info@nodejitsu.com' },
39 silly resolved     maintainers: [ [Object], [Object], [Object], [Object], [Object], [Object] ],
39 silly resolved     repository: { type: 'git', url: 'http://github.com/nodejitsu/jitsu.git' },
39 silly resolved     preferGlobal: true,
39 silly resolved     dependencies:
39 silly resolved      { canihaz: '1.0.1',
39 silly resolved        colors: '0.6.2',
39 silly resolved        complete: '0.3.1',
39 silly resolved        dateformat: '1.0.8-1.2.3',
39 silly resolved        flatiron: '0.3.11',
39 silly resolved        'flatiron-cli-config': '0.1.4',
39 silly resolved        'flatiron-cli-users': '0.1.10',
39 silly resolved        fstream: '0.1.25',
39 silly resolved        'fstream-npm': '0.1.6',
39 silly resolved        ladder: '0.0.1',
39 silly resolved        'nodejitsu-api': '0.6.4',
39 silly resolved        opener: '1.4.x',
39 silly resolved        pkginfo: '0.3.0',
39 silly resolved        progress: '0.1.0',
39 silly resolved        request: '2.42.0',
39 silly resolved        'require-analyzer': '0.5.0',
39 silly resolved        'spawn-command': '0.0.2',
39 silly resolved        semver: '1.0.14',
39 silly resolved        tar: '0.1.18',
39 silly resolved        wizard: '0.0.1' },
39 silly resolved     canihaz: { npm: '1.3.15' },
39 silly resolved     devDependencies: { nock: '0.46.x', vows: '0.7.x' },
39 silly resolved     bin: { jitsu: './bin/jitsu' },
39 silly resolved     main: './lib/jitsu',
39 silly resolved     scripts: { test: 'vows test/commands/*-test.js test/lib/*-test.js --spec -i' },
39 silly resolved     engines: { node: '>= 0.6.0' },
39 silly resolved     license: 'MIT',
39 silly resolved     gitHead: 'f7985bc74a20c9e4cf6b11962e8afa606732b667',
39 silly resolved     bugs: { url: 'https://github.com/nodejitsu/jitsu/issues' },
39 silly resolved     homepage: 'https://github.com/nodejitsu/jitsu',
39 silly resolved     _id: 'jitsu@0.14.0',
39 silly resolved     _shasum: 'c0e795f4085881ff6eb3b94da608015a2a898fb0',
39 silly resolved     _from: 'jitsu@',
39 silly resolved     _npmVersion: '1.4.23',
39 silly resolved     _npmUser: { name: 'swaagie', email: 'info@martijnswaagman.nl' },
39 silly resolved     dist:
39 silly resolved      { shasum: 'c0e795f4085881ff6eb3b94da608015a2a898fb0',
39 silly resolved        tarball: 'http://registry.npmjs.org/jitsu/-/jitsu-0.14.0.tgz' },
39 silly resolved     directories: {},
39 silly resolved     _resolved: 'https://registry.npmjs.org/jitsu/-/jitsu-0.14.0.tgz',
39 silly resolved     readme: 'ERROR: No README data found!' } ]
40 info install jitsu@0.14.0 into /usr/local/lib
41 info installOne jitsu@0.14.0
42 verbose lib/node_modules/jitsu unbuild
43 verbose tar unpack /home/samuel/.npm/jitsu/0.14.0/package.tgz
44 silly lockFile 0ce65918-usr-local-lib-node-modules-jitsu tar:///usr/local/lib/node_modules/jitsu
45 verbose lock tar:///usr/local/lib/node_modules/jitsu /home/samuel/.npm/0ce65918-usr-local-lib-node-modules-jitsu.lock
46 silly lockFile bab2b694-uel-npm-jitsu-0-14-0-package-tgz tar:///home/samuel/.npm/jitsu/0.14.0/package.tgz
47 verbose lock tar:///home/samuel/.npm/jitsu/0.14.0/package.tgz /home/samuel/.npm/bab2b694-uel-npm-jitsu-0-14-0-package-tgz.lock
48 silly gunzTarPerm modes [ '775', '664' ]
49 error Error: EACCES, mkdir '/usr/local/lib/node_modules/jitsu'
49 error  { [Error: EACCES, mkdir '/usr/local/lib/node_modules/jitsu']
49 error   errno: 3,
49 error   code: 'EACCES',
49 error   path: '/usr/local/lib/node_modules/jitsu',
49 error   fstream_type: 'Directory',
49 error   fstream_path: '/usr/local/lib/node_modules/jitsu',
49 error   fstream_class: 'DirWriter',
49 error   fstream_stack:
49 error    [ '/usr/local/lib/node_modules/npm/node_modules/fstream/lib/dir-writer.js:36:23',
49 error      '/usr/local/lib/node_modules/npm/node_modules/mkdirp/index.js:46:53',
49 error      'Object.oncomplete (fs.js:107:15)' ] }
50 error Please try running this command again as root/Administrator.
51 error System Linux 3.13.0-39-generic
52 error command "/usr/local/bin/node" "/usr/local/bin/npm" "install" "jitsu" "-g"
53 error cwd /home/samuel/Escritorio/IV/Repositorios/AGA-OSL/API REST
54 error node -v v0.10.33
55 error npm -v 1.4.28
56 error path /usr/local/lib/node_modules/jitsu
57 error fstream_path /usr/local/lib/node_modules/jitsu
58 error fstream_type Directory
59 error fstream_class DirWriter
60 error code EACCES
61 error errno 3
62 error stack Error: EACCES, mkdir '/usr/local/lib/node_modules/jitsu'
63 error fstream_stack /usr/local/lib/node_modules/npm/node_modules/fstream/lib/dir-writer.js:36:23
63 error fstream_stack /usr/local/lib/node_modules/npm/node_modules/mkdirp/index.js:46:53
63 error fstream_stack Object.oncomplete (fs.js:107:15)
64 verbose exit [ 3, true ]
